ISim log file
Running: /home/ekorletey/Processor/cipher_processor/Present_Cipher_implementation/DataPath_isim_beh.exe -intstyle ise -gui -tclbatch isim.cmd -wdb /home/ekorletey/Processor/cipher_processor/Present_Cipher_implementation/DataPath_isim_beh.wdb 
ISim P.20131013 (signature 0xfbc00daa)
This is a Full version of ISim.
Time resolution is 1 ps
# onerror resume
# wave add /
# run 1000 ns
Simulator is doing circuit initialization process.
Finished circuit initialization process.
# isim force add /datapath/plaintext ffffffffffffffff -radix hex
# isim force add /datapath/key 0000000000000000 -radix hex
# isim force add /datapath/sel 1 -radix bin
# isim force add /datapath/clk 0 -radix bin -value 1 -radix bin -time 5 us -repeat 10 us
# isim force add /datapath/clearplain 0 -radix bin
# isim force add /datapath/loadplain 1 -radix bin
# isim force add /datapath/loadkey 1 -radix bin
# isim force add /datapath/clearkey 0 -radix bin
# run 1.00us
# run 1.00us
# run 1.00s
